{"name": "test_end_to_end_checkout_guest_user", "status": "broken", "statusDetails": {"message": "selenium.common.exceptions.TimeoutException: Message: Unable to find elements located by '('css selector', 'tr.cart_item td.product-name')',after timeout of 10", "trace": "self = <ssqatest.src.selenium_extended.SeleniumExtended.SeleniumExtended object at 0x00000225D4D389B0>, locator = ('css selector', 'tr.cart_item td.product-name'), timeout = 10\nerr = \"Unable to find elements located by '('css selector', 'tr.cart_item td.product-name')',after timeout of 10\"\n\n    def wait_and_get_elements(self, locator, timeout=None, err=None):\n        timeout = timeout if timeout else self.default_timeout\n        err = err if err else f\"Unable to find elements located by '{locator}',\" \\\n                              f\"after timeout of {timeout}\"\n        try:\n>           elements = WebDriverWait(self.driver, timeout).until(\n                EC.visibility_of_all_elements_located(locator)\n            )\n\nssqatest\\src\\selenium_extended\\SeleniumExtended.py:74: \n_ _ _ _ _ _ _ _ _ _ _ _ _ _ _ _ _ _ _ _ _ _ _ _ _ _ _ _ _ _ _ _ _ _ _ _ _ _ _ _ _ _ _ _ _ _ _ _ _ _ _ _ _ _ _ _ _ _ _ _ _ _ _ _ _ _ _ _ _ _ _ _ _ _ _ _ _ _ _ _ _ _ _ _ _ _ _ _ _ _ _ _ _ _ _ _ _ _ _ _ _ _ _ _ _ _ _ _ _ _ _ _ _ _\n\nself = <selenium.webdriver.support.wait.WebDriverWait (session=\"45e559c03c010eb76bfd71376c765bc4\")>, method = <function visibility_of_all_elements_located.<locals>._predicate at 0x00000225D4AED1C0>, message = ''\n\n    def until(self, method: Callable[[D], Union[Literal[False], T]], message: str = \"\") -> T:\n        \"\"\"Calls the method provided with the driver as an argument until the \\\n        return value does not evaluate to ``False``.\n    \n        :param method: callable(WebDriver)\n        :param message: optional message for :exc:`TimeoutException`\n        :returns: the result of the last call to `method`\n        :raises: :exc:`selenium.common.exceptions.TimeoutException` if timeout occurs\n        \"\"\"\n        screen = None\n        stacktrace = None\n    \n        end_time = time.monotonic() + self._timeout\n        while True:\n            try:\n                value = method(self._driver)\n                if value:\n                    return value\n            except self._ignored_exceptions as exc:\n                screen = getattr(exc, \"screen\", None)\n                stacktrace = getattr(exc, \"stacktrace\", None)\n            time.sleep(self._poll)\n            if time.monotonic() > end_time:\n                break\n>       raise TimeoutException(message, screen, stacktrace)\nE       selenium.common.exceptions.TimeoutException: Message:\n\nlhp321\\Lib\\site-packages\\selenium\\webdriver\\support\\wait.py:105: TimeoutException\n\nDuring handling of the above exception, another exception occurred:\n\nself = <ssqatest.tests.frontend.end_to_end.test_end_to_end_checkout_guest_user.TestEndToEndCheckoutGuestUser object at 0x00000225D47E9040>\n\n    @pytest.mark.ecomfe19\n    @pytest.mark.tcid33\n    def test_end_to_end_checkout_guest_user(self):\n        \"\"\"\n        Test to verify the end-to-end checkout process for a guest user.\n        \"\"\"\n    \n        home_p = HomePage(self.driver)\n        header = Header(self.driver)\n        cart_p = CartPage(self.driver)\n        checkout_p = CheckoutPage(self.driver)\n        order_received_p = OrderReceivedPage(self.driver)\n    \n        # go to home page\n        home_p.go_to_home_page()\n    \n        # add 1 item to cart\n        home_p.click_first_add_to_cart_button()\n    \n        # make sure the cart is updated before going to cart\n        header.wait_until_cart_item_count(1)\n    \n        # go to cart\n        header.click_on_cart_on_right_header()\n>       product_names = cart_p.get_all_product_names_in_cart()\n\nssqatest\\tests\\frontend\\end_to_end\\test_end_to_end_checkout_guest_user.py:44: \n_ _ _ _ _ _ _ _ _ _ _ _ _ _ _ _ _ _ _ _ _ _ _ _ _ _ _ _ _ _ _ _ _ _ _ _ _ _ _ _ _ _ _ _ _ _ _ _ _ _ _ _ _ _ _ _ _ _ _ _ _ _ _ _ _ _ _ _ _ _ _ _ _ _ _ _ _ _ _ _ _ _ _ _ _ _ _ _ _ _ _ _ _ _ _ _ _ _ _ _ _ _ _ _ _ _ _ _ _ _ _ _ _ _\nssqatest\\src\\pages\\CartPage.py:26: in get_all_product_names_in_cart\n    product_name_elements = self.sl.wait_and_get_elements(self.PRODUCT_NAMES_IN_CART)\n_ _ _ _ _ _ _ _ _ _ _ _ _ _ _ _ _ _ _ _ _ _ _ _ _ _ _ _ _ _ _ _ _ _ _ _ _ _ _ _ _ _ _ _ _ _ _ _ _ _ _ _ _ _ _ _ _ _ _ _ _ _ _ _ _ _ _ _ _ _ _ _ _ _ _ _ _ _ _ _ _ _ _ _ _ _ _ _ _ _ _ _ _ _ _ _ _ _ _ _ _ _ _ _ _ _ _ _ _ _ _ _ _ _\n\nself = <ssqatest.src.selenium_extended.SeleniumExtended.SeleniumExtended object at 0x00000225D4D389B0>, locator = ('css selector', 'tr.cart_item td.product-name'), timeout = 10\nerr = \"Unable to find elements located by '('css selector', 'tr.cart_item td.product-name')',after timeout of 10\"\n\n    def wait_and_get_elements(self, locator, timeout=None, err=None):\n        timeout = timeout if timeout else self.default_timeout\n        err = err if err else f\"Unable to find elements located by '{locator}',\" \\\n                              f\"after timeout of {timeout}\"\n        try:\n            elements = WebDriverWait(self.driver, timeout).until(\n                EC.visibility_of_all_elements_located(locator)\n            )\n        except TimeoutException:\n>           raise TimeoutException(err)\nE           selenium.common.exceptions.TimeoutException: Message: Unable to find elements located by '('css selector', 'tr.cart_item td.product-name')',after timeout of 10\n\nssqatest\\src\\selenium_extended\\SeleniumExtended.py:78: TimeoutException"}, "description": "\n        Test to verify the end-to-end checkout process for a guest user.\n        ", "start": 1742569464367, "stop": 1742569480416, "uuid": "7d04f762-2140-42ec-82ea-af72b2403888", "historyId": "f8d696857e99cf67f2e1274cdb2cc5bc", "testCaseId": "0428bb7c92a02e71a6eb2a76a45e7bbf", "fullName": "ssqatest.tests.frontend.end_to_end.test_end_to_end_checkout_guest_user.TestEndToEndCheckoutGuestUser#test_end_to_end_checkout_guest_user", "labels": [{"name": "tag", "value": "tcid33"}, {"name": "tag", "value": "ecomfe19"}, {"name": "tag", "value": "@pytest.mark.usefixtures('init_driver')"}, {"name": "parentSuite", "value": "ssqatest.tests.frontend.end_to_end"}, {"name": "suite", "value": "test_end_to_end_checkout_guest_user"}, {"name": "subSuite", "value": "TestEndToEndCheckoutGuestUser"}, {"name": "host", "value": "latha"}, {"name": "thread", "value": "15964-MainThread"}, {"name": "framework", "value": "pytest"}, {"name": "language", "value": "cpython3"}, {"name": "package", "value": "ssqatest.tests.frontend.end_to_end.test_end_to_end_checkout_guest_user"}]}