{"name": "test_cart_page_column_header", "status": "broken", "statusDetails": {"message": "selenium.common.exceptions.TimeoutException: Message: Unable to find elements located by '('css selector', 'table.shop_table thead tr th')',after timeout of 10", "trace": "self = <ssqatest.src.selenium_extended.SeleniumExtended.SeleniumExtended object at 0x00000225D4C8E0C0>, locator = ('css selector', 'table.shop_table thead tr th'), timeout = 10\nerr = \"Unable to find elements located by '('css selector', 'table.shop_table thead tr th')',after timeout of 10\"\n\n    def wait_and_get_elements(self, locator, timeout=None, err=None):\n        timeout = timeout if timeout else self.default_timeout\n        err = err if err else f\"Unable to find elements located by '{locator}',\" \\\n                              f\"after timeout of {timeout}\"\n        try:\n>           elements = WebDriverWait(self.driver, timeout).until(\n                EC.visibility_of_all_elements_located(locator)\n            )\n\nssqatest\\src\\selenium_extended\\SeleniumExtended.py:74: \n_ _ _ _ _ _ _ _ _ _ _ _ _ _ _ _ _ _ _ _ _ _ _ _ _ _ _ _ _ _ _ _ _ _ _ _ _ _ _ _ _ _ _ _ _ _ _ _ _ _ _ _ _ _ _ _ _ _ _ _ _ _ _ _ _ _ _ _ _ _ _ _ _ _ _ _ _ _ _ _ _ _ _ _ _ _ _ _ _ _ _ _ _ _ _ _ _ _ _ _ _ _ _ _ _ _ _ _ _ _ _ _ _ _\n\nself = <selenium.webdriver.support.wait.WebDriverWait (session=\"16e1fc9479e3ac8fb5d45d2a80542418\")>, method = <function visibility_of_all_elements_located.<locals>._predicate at 0x00000225D4A94040>, message = ''\n\n    def until(self, method: Callable[[D], Union[Literal[False], T]], message: str = \"\") -> T:\n        \"\"\"Calls the method provided with the driver as an argument until the \\\n        return value does not evaluate to ``False``.\n    \n        :param method: callable(WebDriver)\n        :param message: optional message for :exc:`TimeoutException`\n        :returns: the result of the last call to `method`\n        :raises: :exc:`selenium.common.exceptions.TimeoutException` if timeout occurs\n        \"\"\"\n        screen = None\n        stacktrace = None\n    \n        end_time = time.monotonic() + self._timeout\n        while True:\n            try:\n                value = method(self._driver)\n                if value:\n                    return value\n            except self._ignored_exceptions as exc:\n                screen = getattr(exc, \"screen\", None)\n                stacktrace = getattr(exc, \"stacktrace\", None)\n            time.sleep(self._poll)\n            if time.monotonic() > end_time:\n                break\n>       raise TimeoutException(message, screen, stacktrace)\nE       selenium.common.exceptions.TimeoutException: Message:\n\nlhp321\\Lib\\site-packages\\selenium\\webdriver\\support\\wait.py:105: TimeoutException\n\nDuring handling of the above exception, another exception occurred:\n\nself = <ssqatest.tests.frontend.cart.test_cart_page_column_header.TestCartPageColumnHeader object at 0x00000225D4771DF0>, setup = None\n\n    @pytest.mark.ecomfe61\n    def test_cart_page_column_header(self, setup):\n        \"\"\"\n        Test case for verifying the column headers on the cart page.\n    \n        Args:\n            setup: A setup object.\n        \"\"\"\n    \n        logger.info(f\"Running Test: test_cart_page_column_header\")\n        column_headers = ['Remove item', 'Thumbnail image', 'Product', 'Price', 'Quantity', 'Subtotal']\n        self.homepage.go_to_home_page()\n        self.homepage.click_first_add_to_cart_button()\n        self.header.wait_until_cart_item_count(1)\n        self.cart.go_to_cart_page()\n>       headers = self.cart.get_cart_column_header()\n\nssqatest\\tests\\frontend\\cart\\test_cart_page_column_header.py:40: \n_ _ _ _ _ _ _ _ _ _ _ _ _ _ _ _ _ _ _ _ _ _ _ _ _ _ _ _ _ _ _ _ _ _ _ _ _ _ _ _ _ _ _ _ _ _ _ _ _ _ _ _ _ _ _ _ _ _ _ _ _ _ _ _ _ _ _ _ _ _ _ _ _ _ _ _ _ _ _ _ _ _ _ _ _ _ _ _ _ _ _ _ _ _ _ _ _ _ _ _ _ _ _ _ _ _ _ _ _ _ _ _ _ _\nssqatest\\src\\pages\\CartPage.py:154: in get_cart_column_header\n    return self.sl.wait_and_get_elements(self.CART_COLUMN_HEAD)\n_ _ _ _ _ _ _ _ _ _ _ _ _ _ _ _ _ _ _ _ _ _ _ _ _ _ _ _ _ _ _ _ _ _ _ _ _ _ _ _ _ _ _ _ _ _ _ _ _ _ _ _ _ _ _ _ _ _ _ _ _ _ _ _ _ _ _ _ _ _ _ _ _ _ _ _ _ _ _ _ _ _ _ _ _ _ _ _ _ _ _ _ _ _ _ _ _ _ _ _ _ _ _ _ _ _ _ _ _ _ _ _ _ _\n\nself = <ssqatest.src.selenium_extended.SeleniumExtended.SeleniumExtended object at 0x00000225D4C8E0C0>, locator = ('css selector', 'table.shop_table thead tr th'), timeout = 10\nerr = \"Unable to find elements located by '('css selector', 'table.shop_table thead tr th')',after timeout of 10\"\n\n    def wait_and_get_elements(self, locator, timeout=None, err=None):\n        timeout = timeout if timeout else self.default_timeout\n        err = err if err else f\"Unable to find elements located by '{locator}',\" \\\n                              f\"after timeout of {timeout}\"\n        try:\n            elements = WebDriverWait(self.driver, timeout).until(\n                EC.visibility_of_all_elements_located(locator)\n            )\n        except TimeoutException:\n>           raise TimeoutException(err)\nE           selenium.common.exceptions.TimeoutException: Message: Unable to find elements located by '('css selector', 'table.shop_table thead tr th')',after timeout of 10\n\nssqatest\\src\\selenium_extended\\SeleniumExtended.py:78: TimeoutException"}, "description": "\n        Test case for verifying the column headers on the cart page.\n\n        Args:\n            setup: A setup object.\n        ", "start": 1742568798217, "stop": 1742568814657, "uuid": "65085d2d-93ec-411b-a6b1-f823f5fd6ccf", "historyId": "b799995546467e2c996e2fa10d225fd1", "testCaseId": "803f7e000f37572abafdc519c101beb4", "fullName": "ssqatest.tests.frontend.cart.test_cart_page_column_header.TestCartPageColumnHeader#test_cart_page_column_header", "labels": [{"name": "tag", "value": "ecomfe61"}, {"name": "tag", "value": "@pytest.mark.usefixtures('init_driver')"}, {"name": "parentSuite", "value": "ssqatest.tests.frontend.cart"}, {"name": "suite", "value": "test_cart_page_column_header"}, {"name": "subSuite", "value": "TestCartPageColumnHeader"}, {"name": "host", "value": "latha"}, {"name": "thread", "value": "15964-MainThread"}, {"name": "framework", "value": "pytest"}, {"name": "language", "value": "cpython3"}, {"name": "package", "value": "ssqatest.tests.frontend.cart.test_cart_page_column_header"}]}