{"name": "test_quantity_of_one_product_displayed", "status": "broken", "statusDetails": {"message": "selenium.common.exceptions.TimeoutException: Message: Unable to find elements located by '('css selector', 'td.product-quantity div.quantity input.input-text.qty.text')',after timeout of 10", "trace": "self = <ssqatest.src.selenium_extended.SeleniumExtended.SeleniumExtended object at 0x00000225D4B16570>, locator = ('css selector', 'td.product-quantity div.quantity input.input-text.qty.text'), timeout = 10\nerr = \"Unable to find elements located by '('css selector', 'td.product-quantity div.quantity input.input-text.qty.text')',after timeout of 10\"\n\n    def wait_and_get_elements(self, locator, timeout=None, err=None):\n        timeout = timeout if timeout else self.default_timeout\n        err = err if err else f\"Unable to find elements located by '{locator}',\" \\\n                              f\"after timeout of {timeout}\"\n        try:\n>           elements = WebDriverWait(self.driver, timeout).until(\n                EC.visibility_of_all_elements_located(locator)\n            )\n\nssqatest\\src\\selenium_extended\\SeleniumExtended.py:74: \n_ _ _ _ _ _ _ _ _ _ _ _ _ _ _ _ _ _ _ _ _ _ _ _ _ _ _ _ _ _ _ _ _ _ _ _ _ _ _ _ _ _ _ _ _ _ _ _ _ _ _ _ _ _ _ _ _ _ _ _ _ _ _ _ _ _ _ _ _ _ _ _ _ _ _ _ _ _ _ _ _ _ _ _ _ _ _ _ _ _ _ _ _ _ _ _ _ _ _ _ _ _ _ _ _ _ _ _ _ _ _ _ _ _\n\nself = <selenium.webdriver.support.wait.WebDriverWait (session=\"d376a50482817f499ff458da8678f081\")>, method = <function visibility_of_all_elements_located.<locals>._predicate at 0x00000225D4B58900>, message = ''\n\n    def until(self, method: Callable[[D], Union[Literal[False], T]], message: str = \"\") -> T:\n        \"\"\"Calls the method provided with the driver as an argument until the \\\n        return value does not evaluate to ``False``.\n    \n        :param method: callable(WebDriver)\n        :param message: optional message for :exc:`TimeoutException`\n        :returns: the result of the last call to `method`\n        :raises: :exc:`selenium.common.exceptions.TimeoutException` if timeout occurs\n        \"\"\"\n        screen = None\n        stacktrace = None\n    \n        end_time = time.monotonic() + self._timeout\n        while True:\n            try:\n                value = method(self._driver)\n                if value:\n                    return value\n            except self._ignored_exceptions as exc:\n                screen = getattr(exc, \"screen\", None)\n                stacktrace = getattr(exc, \"stacktrace\", None)\n            time.sleep(self._poll)\n            if time.monotonic() > end_time:\n                break\n>       raise TimeoutException(message, screen, stacktrace)\nE       selenium.common.exceptions.TimeoutException: Message:\n\nlhp321\\Lib\\site-packages\\selenium\\webdriver\\support\\wait.py:105: TimeoutException\n\nDuring handling of the above exception, another exception occurred:\n\nself = <ssqatest.tests.frontend.cart.test_displayed_items_for_one_item.TestDisplayedItemsCartPageTwo object at 0x00000225D47A1B80>, setup = None\n\n    @pytest.mark.ecomfe71\n    def test_quantity_of_one_product_displayed(self, setup):\n        \"\"\"\n        Test to verify that the displayed quantity  of an item is  correct when there is one item in cart.\n    \n        Args:\n            setup:  setup object.\n    \n        \"\"\"\n>       self.cart.input_product_quantity(2)\n\nssqatest\\tests\\frontend\\cart\\test_displayed_items_for_one_item.py:150: \n_ _ _ _ _ _ _ _ _ _ _ _ _ _ _ _ _ _ _ _ _ _ _ _ _ _ _ _ _ _ _ _ _ _ _ _ _ _ _ _ _ _ _ _ _ _ _ _ _ _ _ _ _ _ _ _ _ _ _ _ _ _ _ _ _ _ _ _ _ _ _ _ _ _ _ _ _ _ _ _ _ _ _ _ _ _ _ _ _ _ _ _ _ _ _ _ _ _ _ _ _ _ _ _ _ _ _ _ _ _ _ _ _ _\nssqatest\\src\\pages\\CartPage.py:70: in input_product_quantity\n    qty_elements = self.sl.wait_and_get_elements(self.PRODUCT_QUANTITY)\n_ _ _ _ _ _ _ _ _ _ _ _ _ _ _ _ _ _ _ _ _ _ _ _ _ _ _ _ _ _ _ _ _ _ _ _ _ _ _ _ _ _ _ _ _ _ _ _ _ _ _ _ _ _ _ _ _ _ _ _ _ _ _ _ _ _ _ _ _ _ _ _ _ _ _ _ _ _ _ _ _ _ _ _ _ _ _ _ _ _ _ _ _ _ _ _ _ _ _ _ _ _ _ _ _ _ _ _ _ _ _ _ _ _\n\nself = <ssqatest.src.selenium_extended.SeleniumExtended.SeleniumExtended object at 0x00000225D4B16570>, locator = ('css selector', 'td.product-quantity div.quantity input.input-text.qty.text'), timeout = 10\nerr = \"Unable to find elements located by '('css selector', 'td.product-quantity div.quantity input.input-text.qty.text')',after timeout of 10\"\n\n    def wait_and_get_elements(self, locator, timeout=None, err=None):\n        timeout = timeout if timeout else self.default_timeout\n        err = err if err else f\"Unable to find elements located by '{locator}',\" \\\n                              f\"after timeout of {timeout}\"\n        try:\n            elements = WebDriverWait(self.driver, timeout).until(\n                EC.visibility_of_all_elements_located(locator)\n            )\n        except TimeoutException:\n>           raise TimeoutException(err)\nE           selenium.common.exceptions.TimeoutException: Message: Unable to find elements located by '('css selector', 'td.product-quantity div.quantity input.input-text.qty.text')',after timeout of 10\n\nssqatest\\src\\selenium_extended\\SeleniumExtended.py:78: TimeoutException"}, "description": "\n        Test to verify that the displayed quantity  of an item is  correct when there is one item in cart.\n\n        Args:\n            setup:  setup object.\n\n        ", "start": 1742568977710, "stop": 1742568988192, "uuid": "5a0fac98-3afb-4ff2-bb03-34cae1121cf3", "historyId": "1731aff4b6590c9d76622835cc168e38", "testCaseId": "d950962a5c5f738775a270639d017228", "fullName": "ssqatest.tests.frontend.cart.test_displayed_items_for_one_item.TestDisplayedItemsCartPageTwo#test_quantity_of_one_product_displayed", "labels": [{"name": "tag", "value": "ecomfe71"}, {"name": "tag", "value": "@pytest.mark.usefixtures('init_driver')"}, {"name": "parentSuite", "value": "ssqatest.tests.frontend.cart"}, {"name": "suite", "value": "test_displayed_items_for_one_item"}, {"name": "subSuite", "value": "TestDisplayedItemsCartPageTwo"}, {"name": "host", "value": "latha"}, {"name": "thread", "value": "15964-MainThread"}, {"name": "framework", "value": "pytest"}, {"name": "language", "value": "cpython3"}, {"name": "package", "value": "ssqatest.tests.frontend.cart.test_displayed_items_for_one_item"}]}