{"name": "test_correct_subtotal_displayed_after_product_quantity_increased", "status": "broken", "statusDetails": {"message": "selenium.common.exceptions.TimeoutException: Message: Element with locator '('css selector', 'tr.cart-subtotal span.woocommerce-Price-amount')' not found after timeout of 10\nStacktrace:\n\tGetHandleVerifier [0x00007FF7848DFE65+26629]\n\t(No symbol) [0x00007FF784846030]\n\t(No symbol) [0x00007FF7846D931A]\n\t(No symbol) [0x00007FF78472F8E7]\n\t(No symbol) [0x00007FF78472FB1C]\n\t(No symbol) [0x00007FF7847834A7]\n\t(No symbol) [0x00007FF784757AEF]\n\t(No symbol) [0x00007FF784780169]\n\t(No symbol) [0x00007FF784757883]\n\t(No symbol) [0x00007FF784720550]\n\t(No symbol) [0x00007FF784721803]\n\tGetHandleVerifier [0x00007FF784C372DD+3529853]\n\tGetHandleVerifier [0x00007FF784C4DA42+3621858]\n\tGetHandleVerifier [0x00007FF784C424F3+3575443]\n\tGetHandleVerifier [0x00007FF7849AB79A+860474]\n\t(No symbol) [0x00007FF7848508AF]\n\t(No symbol) [0x00007FF78484CBE4]\n\t(No symbol) [0x00007FF78484CD86]\n\t(No symbol) [0x00007FF78483C2E9]\n\tBaseThreadInitThunk [0x00007FF8CECE7374+20]\n\tRtlUserThreadStart [0x00007FF8D021CC91+33]", "trace": "self = <ssqatest.tests.frontend.cart.test_quantity_of_product.TestCartQuantityFive object at 0x00000225D47C91C0>, setup = None\n\n    @pytest.mark.ecomfe82\n    def test_correct_subtotal_displayed_after_product_quantity_increased(self, setup):\n        \"\"\"\n        Test to verify that the correct subtotal is displayed after increasing the product quantity.\n    \n        Args:\n            setup:  setup object.\n        \"\"\"\n        self.homepage.go_to_home_page()\n        self.homepage.click_first_add_to_cart_button()\n        self.header.wait_until_cart_item_count(1)\n    \n        self.cart.go_to_cart_page()\n        price = self.cart.get_product_price()\n>       subtotal_before = self.cart.get_cart_subtotal()\n\nssqatest\\tests\\frontend\\cart\\test_quantity_of_product.py:185: \n_ _ _ _ _ _ _ _ _ _ _ _ _ _ _ _ _ _ _ _ _ _ _ _ _ _ _ _ _ _ _ _ _ _ _ _ _ _ _ _ _ _ _ _ _ _ _ _ _ _ _ _ _ _ _ _ _ _ _ _ _ _ _ _ _ _ _ _ _ _ _ _ _ _ _ _ _ _ _ _ _ _ _ _ _ _ _ _ _ _ _ _ _ _ _ _ _ _ _ _ _ _ _ _ _ _ _ _ _ _ _ _ _ _\nssqatest\\src\\pages\\CartPage.py:165: in get_cart_subtotal\n    total_price = self.sl.wait_and_get_text(self.PRODUCT_SUBTOTAL)\nssqatest\\src\\selenium_extended\\SeleniumExtended.py:84: in wait_and_get_text\n    elm = WebDriverWait(self.driver, timeout).until(\n_ _ _ _ _ _ _ _ _ _ _ _ _ _ _ _ _ _ _ _ _ _ _ _ _ _ _ _ _ _ _ _ _ _ _ _ _ _ _ _ _ _ _ _ _ _ _ _ _ _ _ _ _ _ _ _ _ _ _ _ _ _ _ _ _ _ _ _ _ _ _ _ _ _ _ _ _ _ _ _ _ _ _ _ _ _ _ _ _ _ _ _ _ _ _ _ _ _ _ _ _ _ _ _ _ _ _ _ _ _ _ _ _ _\n\nself = <selenium.webdriver.support.wait.WebDriverWait (session=\"b3350ba8750dc2318e6ed2763814e126\")>, method = <function visibility_of_element_located.<locals>._predicate at 0x00000225D4AEFEC0>\nmessage = \"Element with locator '('css selector', 'tr.cart-subtotal span.woocommerce-Price-amount')' not found after timeout of 10\"\n\n    def until(self, method: Callable[[D], Union[Literal[False], T]], message: str = \"\") -> T:\n        \"\"\"Calls the method provided with the driver as an argument until the \\\n        return value does not evaluate to ``False``.\n    \n        :param method: callable(WebDriver)\n        :param message: optional message for :exc:`TimeoutException`\n        :returns: the result of the last call to `method`\n        :raises: :exc:`selenium.common.exceptions.TimeoutException` if timeout occurs\n        \"\"\"\n        screen = None\n        stacktrace = None\n    \n        end_time = time.monotonic() + self._timeout\n        while True:\n            try:\n                value = method(self._driver)\n                if value:\n                    return value\n            except self._ignored_exceptions as exc:\n                screen = getattr(exc, \"screen\", None)\n                stacktrace = getattr(exc, \"stacktrace\", None)\n            time.sleep(self._poll)\n            if time.monotonic() > end_time:\n                break\n>       raise TimeoutException(message, screen, stacktrace)\nE       selenium.common.exceptions.TimeoutException: Message: Element with locator '('css selector', 'tr.cart-subtotal span.woocommerce-Price-amount')' not found after timeout of 10\nE       Stacktrace:\nE       \tGetHandleVerifier [0x00007FF7848DFE65+26629]\nE       \t(No symbol) [0x00007FF784846030]\nE       \t(No symbol) [0x00007FF7846D931A]\nE       \t(No symbol) [0x00007FF78472F8E7]\nE       \t(No symbol) [0x00007FF78472FB1C]\nE       \t(No symbol) [0x00007FF7847834A7]\nE       \t(No symbol) [0x00007FF784757AEF]\nE       \t(No symbol) [0x00007FF784780169]\nE       \t(No symbol) [0x00007FF784757883]\nE       \t(No symbol) [0x00007FF784720550]\nE       \t(No symbol) [0x00007FF784721803]\nE       \tGetHandleVerifier [0x00007FF784C372DD+3529853]\nE       \tGetHandleVerifier [0x00007FF784C4DA42+3621858]\nE       \tGetHandleVerifier [0x00007FF784C424F3+3575443]\nE       \tGetHandleVerifier [0x00007FF7849AB79A+860474]\nE       \t(No symbol) [0x00007FF7848508AF]\nE       \t(No symbol) [0x00007FF78484CBE4]\nE       \t(No symbol) [0x00007FF78484CD86]\nE       \t(No symbol) [0x00007FF78483C2E9]\nE       \tBaseThreadInitThunk [0x00007FF8CECE7374+20]\nE       \tRtlUserThreadStart [0x00007FF8D021CC91+33]\n\nlhp321\\Lib\\site-packages\\selenium\\webdriver\\support\\wait.py:105: TimeoutException"}, "description": "\n        Test to verify that the correct subtotal is displayed after increasing the product quantity.\n\n        Args:\n            setup:  setup object.\n        ", "start": 1742569271967, "stop": 1742569288115, "uuid": "d1fb1e8a-7015-46df-8f81-e1a68b1be984", "historyId": "fac73be41230fc6d650280312b1e487e", "testCaseId": "0aaa6b2303a87f3553f23c47021e4c5e", "fullName": "ssqatest.tests.frontend.cart.test_quantity_of_product.TestCartQuantityFive#test_correct_subtotal_displayed_after_product_quantity_increased", "labels": [{"name": "tag", "value": "ecomfe82"}, {"name": "tag", "value": "@pytest.mark.usefixtures('init_driver')"}, {"name": "parentSuite", "value": "ssqatest.tests.frontend.cart"}, {"name": "suite", "value": "test_quantity_of_product"}, {"name": "subSuite", "value": "TestCartQuantityFive"}, {"name": "host", "value": "latha"}, {"name": "thread", "value": "15964-MainThread"}, {"name": "framework", "value": "pytest"}, {"name": "language", "value": "cpython3"}, {"name": "package", "value": "ssqatest.tests.frontend.cart.test_quantity_of_product"}]}