{"name": "test_verify_error_msg_when_all_billing_info_entered", "status": "broken", "statusDetails": {"message": "selenium.common.exceptions.TimeoutException: Message: \nStacktrace:\n\tGetHandleVerifier [0x00007FF7848DFE65+26629]\n\t(No symbol) [0x00007FF784846030]\n\t(No symbol) [0x00007FF7846D931A]\n\t(No symbol) [0x00007FF78472F8E7]\n\t(No symbol) [0x00007FF78472FB1C]\n\t(No symbol) [0x00007FF7847834A7]\n\t(No symbol) [0x00007FF784757AEF]\n\t(No symbol) [0x00007FF784780169]\n\t(No symbol) [0x00007FF784757883]\n\t(No symbol) [0x00007FF784720550]\n\t(No symbol) [0x00007FF784721803]\n\tGetHandleVerifier [0x00007FF784C372DD+3529853]\n\tGetHandleVerifier [0x00007FF784C4DA42+3621858]\n\tGetHandleVerifier [0x00007FF784C424F3+3575443]\n\tGetHandleVerifier [0x00007FF7849AB79A+860474]\n\t(No symbol) [0x00007FF7848508AF]\n\t(No symbol) [0x00007FF78484CBE4]\n\t(No symbol) [0x00007FF78484CD86]\n\t(No symbol) [0x00007FF78483C2E9]\n\tBaseThreadInitThunk [0x00007FF8CECE7374+20]\n\tRtlUserThreadStart [0x00007FF8D021CC91+33]", "trace": "self = <ssqatest.tests.frontend.misc_frontend_tests.test_error_msg_when_all_dataentered_checkout.TestErrorMsgWhenAllDataEntered object at 0x00000225D487AAB0>, setup = None\n\n    @pytest.mark.lp25\n    def test_verify_error_msg_when_all_billing_info_entered(self,setup):\n        \"\"\"\n        Test to perform the following steps\n        1. Launch the test site.\n        2. Look for the product \"belt\" in the search bar.\n        3. Go to the product details page.\n        4. Click on Add to cart button\n    \n        \"\"\"\n        self.home.go_home()\n        self.header.input_int_search_field(\"belt\")\n        self.header.press_enter_on_search_field()\n>       self.product.click_add_to_cart_button()\n\nssqatest\\tests\\frontend\\misc_frontend_tests\\test_error_msg_when_all_dataentered_checkout.py:38: \n_ _ _ _ _ _ _ _ _ _ _ _ _ _ _ _ _ _ _ _ _ _ _ _ _ _ _ _ _ _ _ _ _ _ _ _ _ _ _ _ _ _ _ _ _ _ _ _ _ _ _ _ _ _ _ _ _ _ _ _ _ _ _ _ _ _ _ _ _ _ _ _ _ _ _ _ _ _ _ _ _ _ _ _ _ _ _ _ _ _ _ _ _ _ _ _ _ _ _ _ _ _ _ _ _ _ _ _ _ _ _ _ _ _\nssqatest\\src\\pages\\ProductPage.py:50: in click_add_to_cart_button\n    add_cart_btn = self.get_add_to_cart_button_element()\nssqatest\\src\\pages\\ProductPage.py:47: in get_add_to_cart_button_element\n    return self.sl.wait_until_element_is_visible(self.ADD_TO_CART_BUTTON)\nssqatest\\src\\selenium_extended\\SeleniumExtended.py:46: in wait_until_element_is_visible\n    elem = WebDriverWait(self.driver, timeout).until(\n_ _ _ _ _ _ _ _ _ _ _ _ _ _ _ _ _ _ _ _ _ _ _ _ _ _ _ _ _ _ _ _ _ _ _ _ _ _ _ _ _ _ _ _ _ _ _ _ _ _ _ _ _ _ _ _ _ _ _ _ _ _ _ _ _ _ _ _ _ _ _ _ _ _ _ _ _ _ _ _ _ _ _ _ _ _ _ _ _ _ _ _ _ _ _ _ _ _ _ _ _ _ _ _ _ _ _ _ _ _ _ _ _ _\n\nself = <selenium.webdriver.support.wait.WebDriverWait (session=\"b64e5b6c9efcd48a1ee4ca810a1ea139\")>, method = <function visibility_of_element_located.<locals>._predicate at 0x00000225D4B589A0>, message = ''\n\n    def until(self, method: Callable[[D], Union[Literal[False], T]], message: str = \"\") -> T:\n        \"\"\"Calls the method provided with the driver as an argument until the \\\n        return value does not evaluate to ``False``.\n    \n        :param method: callable(WebDriver)\n        :param message: optional message for :exc:`TimeoutException`\n        :returns: the result of the last call to `method`\n        :raises: :exc:`selenium.common.exceptions.TimeoutException` if timeout occurs\n        \"\"\"\n        screen = None\n        stacktrace = None\n    \n        end_time = time.monotonic() + self._timeout\n        while True:\n            try:\n                value = method(self._driver)\n                if value:\n                    return value\n            except self._ignored_exceptions as exc:\n                screen = getattr(exc, \"screen\", None)\n                stacktrace = getattr(exc, \"stacktrace\", None)\n            time.sleep(self._poll)\n            if time.monotonic() > end_time:\n                break\n>       raise TimeoutException(message, screen, stacktrace)\nE       selenium.common.exceptions.TimeoutException: Message: \nE       Stacktrace:\nE       \tGetHandleVerifier [0x00007FF7848DFE65+26629]\nE       \t(No symbol) [0x00007FF784846030]\nE       \t(No symbol) [0x00007FF7846D931A]\nE       \t(No symbol) [0x00007FF78472F8E7]\nE       \t(No symbol) [0x00007FF78472FB1C]\nE       \t(No symbol) [0x00007FF7847834A7]\nE       \t(No symbol) [0x00007FF784757AEF]\nE       \t(No symbol) [0x00007FF784780169]\nE       \t(No symbol) [0x00007FF784757883]\nE       \t(No symbol) [0x00007FF784720550]\nE       \t(No symbol) [0x00007FF784721803]\nE       \tGetHandleVerifier [0x00007FF784C372DD+3529853]\nE       \tGetHandleVerifier [0x00007FF784C4DA42+3621858]\nE       \tGetHandleVerifier [0x00007FF784C424F3+3575443]\nE       \tGetHandleVerifier [0x00007FF7849AB79A+860474]\nE       \t(No symbol) [0x00007FF7848508AF]\nE       \t(No symbol) [0x00007FF78484CBE4]\nE       \t(No symbol) [0x00007FF78484CD86]\nE       \t(No symbol) [0x00007FF78483C2E9]\nE       \tBaseThreadInitThunk [0x00007FF8CECE7374+20]\nE       \tRtlUserThreadStart [0x00007FF8D021CC91+33]\n\nlhp321\\Lib\\site-packages\\selenium\\webdriver\\support\\wait.py:105: TimeoutException"}, "description": "\n        Test to perform the following steps\n        1. Launch the test site.\n        2. Look for the product \"belt\" in the search bar.\n        3. Go to the product details page.\n        4. Click on Add to cart button\n\n        ", "start": 1742569822584, "stop": 1742569836221, "uuid": "9f553bb5-7de4-46d2-9231-42f4672600cc", "historyId": "dd4cda01229bef2e0c5755b4de3845e4", "testCaseId": "ae7fbd97d0d67ece0cf636d4feea6748", "fullName": "ssqatest.tests.frontend.misc_frontend_tests.test_error_msg_when_all_dataentered_checkout.TestErrorMsgWhenAllDataEntered#test_verify_error_msg_when_all_billing_info_entered", "labels": [{"name": "tag", "value": "lp25"}, {"name": "tag", "value": "@pytest.mark.usefixtures('init_driver')"}, {"name": "parentSuite", "value": "ssqatest.tests.frontend.misc_frontend_tests"}, {"name": "suite", "value": "test_error_msg_when_all_dataentered_checkout"}, {"name": "subSuite", "value": "TestErrorMsgWhenAllDataEntered"}, {"name": "host", "value": "latha"}, {"name": "thread", "value": "15964-MainThread"}, {"name": "framework", "value": "pytest"}, {"name": "language", "value": "cpython3"}, {"name": "package", "value": "ssqatest.tests.frontend.misc_frontend_tests.test_error_msg_when_all_dataentered_checkout"}]}