{"name": "test_left_nav_has_six_elements", "status": "broken", "statusDetails": {"message": "selenium.common.exceptions.TimeoutException: Message: Unable to find elements located by '('css selector', 'div.woocommerce nav.woocommerce-MyAccount-navigation ul li')',after timeout of 10", "trace": "self = <ssqatest.src.selenium_extended.SeleniumExtended.SeleniumExtended object at 0x00000225D4DCB230>, locator = ('css selector', 'div.woocommerce nav.woocommerce-MyAccount-navigation ul li'), timeout = 10\nerr = \"Unable to find elements located by '('css selector', 'div.woocommerce nav.woocommerce-MyAccount-navigation ul li')',after timeout of 10\"\n\n    def wait_and_get_elements(self, locator, timeout=None, err=None):\n        timeout = timeout if timeout else self.default_timeout\n        err = err if err else f\"Unable to find elements located by '{locator}',\" \\\n                              f\"after timeout of {timeout}\"\n        try:\n>           elements = WebDriverWait(self.driver, timeout).until(\n                EC.visibility_of_all_elements_located(locator)\n            )\n\nssqatest\\src\\selenium_extended\\SeleniumExtended.py:74: \n_ _ _ _ _ _ _ _ _ _ _ _ _ _ _ _ _ _ _ _ _ _ _ _ _ _ _ _ _ _ _ _ _ _ _ _ _ _ _ _ _ _ _ _ _ _ _ _ _ _ _ _ _ _ _ _ _ _ _ _ _ _ _ _ _ _ _ _ _ _ _ _ _ _ _ _ _ _ _ _ _ _ _ _ _ _ _ _ _ _ _ _ _ _ _ _ _ _ _ _ _ _ _ _ _ _ _ _ _ _ _ _ _ _\n\nself = <selenium.webdriver.support.wait.WebDriverWait (session=\"3db2772adab73efd4c37134f6d53f155\")>, method = <function visibility_of_all_elements_located.<locals>._predicate at 0x00000225D4B59940>, message = ''\n\n    def until(self, method: Callable[[D], Union[Literal[False], T]], message: str = \"\") -> T:\n        \"\"\"Calls the method provided with the driver as an argument until the \\\n        return value does not evaluate to ``False``.\n    \n        :param method: callable(WebDriver)\n        :param message: optional message for :exc:`TimeoutException`\n        :returns: the result of the last call to `method`\n        :raises: :exc:`selenium.common.exceptions.TimeoutException` if timeout occurs\n        \"\"\"\n        screen = None\n        stacktrace = None\n    \n        end_time = time.monotonic() + self._timeout\n        while True:\n            try:\n                value = method(self._driver)\n                if value:\n                    return value\n            except self._ignored_exceptions as exc:\n                screen = getattr(exc, \"screen\", None)\n                stacktrace = getattr(exc, \"stacktrace\", None)\n            time.sleep(self._poll)\n            if time.monotonic() > end_time:\n                break\n>       raise TimeoutException(message, screen, stacktrace)\nE       selenium.common.exceptions.TimeoutException: Message:\n\nlhp321\\Lib\\site-packages\\selenium\\webdriver\\support\\wait.py:105: TimeoutException\n\nDuring handling of the above exception, another exception occurred:\n\nself = <ssqatest.tests.frontend.my_account.test_nav_bar.TestLeftNav object at 0x00000225D48CA960>, setup = None\n\n    @pytest.mark.tcid6\n    @pytest.mark.ecomfe14\n    def test_left_nav_has_six_elements(self, setup):\n        \"\"\"\n        Test to verify that the left navigation on the My Account page has six elements.\n    \n        Args:\n            setup: A setup object\n        \"\"\"\n    \n        logger.info(f\"Running Test: test_left_nav_has_six_elements\")\n>       nav_items = self.signin.get_left_nav_elm()\n\nssqatest\\tests\\frontend\\my_account\\test_nav_bar.py:44: \n_ _ _ _ _ _ _ _ _ _ _ _ _ _ _ _ _ _ _ _ _ _ _ _ _ _ _ _ _ _ _ _ _ _ _ _ _ _ _ _ _ _ _ _ _ _ _ _ _ _ _ _ _ _ _ _ _ _ _ _ _ _ _ _ _ _ _ _ _ _ _ _ _ _ _ _ _ _ _ _ _ _ _ _ _ _ _ _ _ _ _ _ _ _ _ _ _ _ _ _ _ _ _ _ _ _ _ _ _ _ _ _ _ _\nssqatest\\src\\pages\\MyAccountSignedIn.py:16: in get_left_nav_elm\n    return self.sl.wait_and_get_elements(self.LEFT_NAV_ELM)\n_ _ _ _ _ _ _ _ _ _ _ _ _ _ _ _ _ _ _ _ _ _ _ _ _ _ _ _ _ _ _ _ _ _ _ _ _ _ _ _ _ _ _ _ _ _ _ _ _ _ _ _ _ _ _ _ _ _ _ _ _ _ _ _ _ _ _ _ _ _ _ _ _ _ _ _ _ _ _ _ _ _ _ _ _ _ _ _ _ _ _ _ _ _ _ _ _ _ _ _ _ _ _ _ _ _ _ _ _ _ _ _ _ _\n\nself = <ssqatest.src.selenium_extended.SeleniumExtended.SeleniumExtended object at 0x00000225D4DCB230>, locator = ('css selector', 'div.woocommerce nav.woocommerce-MyAccount-navigation ul li'), timeout = 10\nerr = \"Unable to find elements located by '('css selector', 'div.woocommerce nav.woocommerce-MyAccount-navigation ul li')',after timeout of 10\"\n\n    def wait_and_get_elements(self, locator, timeout=None, err=None):\n        timeout = timeout if timeout else self.default_timeout\n        err = err if err else f\"Unable to find elements located by '{locator}',\" \\\n                              f\"after timeout of {timeout}\"\n        try:\n            elements = WebDriverWait(self.driver, timeout).until(\n                EC.visibility_of_all_elements_located(locator)\n            )\n        except TimeoutException:\n>           raise TimeoutException(err)\nE           selenium.common.exceptions.TimeoutException: Message: Unable to find elements located by '('css selector', 'div.woocommerce nav.woocommerce-MyAccount-navigation ul li')',after timeout of 10\n\nssqatest\\src\\selenium_extended\\SeleniumExtended.py:78: TimeoutException"}, "description": "\n        Test to verify that the left navigation on the My Account page has six elements.\n\n        Args:\n            setup: A setup object\n        ", "start": 1742569989564, "stop": 1742569999969, "uuid": "c856273f-6145-4d77-a1a5-a631928e949e", "historyId": "4bc9d9d372514b291654f8181e4c51e5", "testCaseId": "efc55e7328b1d04bde8250e590b44030", "fullName": "ssqatest.tests.frontend.my_account.test_nav_bar.TestLeftNav#test_left_nav_has_six_elements", "labels": [{"name": "tag", "value": "ecomfe14"}, {"name": "tag", "value": "tcid6"}, {"name": "tag", "value": "@pytest.mark.usefixtures('init_driver')"}, {"name": "parentSuite", "value": "ssqatest.tests.frontend.my_account"}, {"name": "suite", "value": "test_nav_bar"}, {"name": "subSuite", "value": "TestLeftNav"}, {"name": "host", "value": "latha"}, {"name": "thread", "value": "15964-MainThread"}, {"name": "framework", "value": "pytest"}, {"name": "language", "value": "cpython3"}, {"name": "package", "value": "ssqatest.tests.frontend.my_account.test_nav_bar"}]}