{"name": "test_quantity_of_two_product", "status": "broken", "statusDetails": {"message": "selenium.common.exceptions.TimeoutException: Message: Unable to find elements located by '('css selector', 'td.product-quantity div.quantity input.input-text.qty.text')',after timeout of 10", "trace": "self = <ssqatest.src.selenium_extended.SeleniumExtended.SeleniumExtended object at 0x00000225D4A26F30>, locator = ('css selector', 'td.product-quantity div.quantity input.input-text.qty.text'), timeout = 10\nerr = \"Unable to find elements located by '('css selector', 'td.product-quantity div.quantity input.input-text.qty.text')',after timeout of 10\"\n\n    def wait_and_get_elements(self, locator, timeout=None, err=None):\n        timeout = timeout if timeout else self.default_timeout\n        err = err if err else f\"Unable to find elements located by '{locator}',\" \\\n                              f\"after timeout of {timeout}\"\n        try:\n>           elements = WebDriverWait(self.driver, timeout).until(\n                EC.visibility_of_all_elements_located(locator)\n            )\n\nssqatest\\src\\selenium_extended\\SeleniumExtended.py:74: \n_ _ _ _ _ _ _ _ _ _ _ _ _ _ _ _ _ _ _ _ _ _ _ _ _ _ _ _ _ _ _ _ _ _ _ _ _ _ _ _ _ _ _ _ _ _ _ _ _ _ _ _ _ _ _ _ _ _ _ _ _ _ _ _ _ _ _ _ _ _ _ _ _ _ _ _ _ _ _ _ _ _ _ _ _ _ _ _ _ _ _ _ _ _ _ _ _ _ _ _ _ _ _ _ _ _ _ _ _ _ _ _ _ _\n\nself = <selenium.webdriver.support.wait.WebDriverWait (session=\"f717307f3b5163c01c34ff0c7c045762\")>, method = <function visibility_of_all_elements_located.<locals>._predicate at 0x00000225D4D5BEC0>, message = ''\n\n    def until(self, method: Callable[[D], Union[Literal[False], T]], message: str = \"\") -> T:\n        \"\"\"Calls the method provided with the driver as an argument until the \\\n        return value does not evaluate to ``False``.\n    \n        :param method: callable(WebDriver)\n        :param message: optional message for :exc:`TimeoutException`\n        :returns: the result of the last call to `method`\n        :raises: :exc:`selenium.common.exceptions.TimeoutException` if timeout occurs\n        \"\"\"\n        screen = None\n        stacktrace = None\n    \n        end_time = time.monotonic() + self._timeout\n        while True:\n            try:\n                value = method(self._driver)\n                if value:\n                    return value\n            except self._ignored_exceptions as exc:\n                screen = getattr(exc, \"screen\", None)\n                stacktrace = getattr(exc, \"stacktrace\", None)\n            time.sleep(self._poll)\n            if time.monotonic() > end_time:\n                break\n>       raise TimeoutException(message, screen, stacktrace)\nE       selenium.common.exceptions.TimeoutException: Message:\n\nlhp321\\Lib\\site-packages\\selenium\\webdriver\\support\\wait.py:105: TimeoutException\n\nDuring handling of the above exception, another exception occurred:\n\nself = <ssqatest.tests.frontend.cart.test_quantity_of_product.TestCartQuantityFour object at 0x00000225D47C8FB0>, setup = None\n\n    @pytest.mark.ecomfe72\n    def test_quantity_of_two_product(self, setup):\n        \"\"\"\n        Test to verify changing the quantity of two products in the cart.\n    \n        Args:\n            setup:  setup object.\n        \"\"\"\n    \n        self.homepage.go_to_home_page()\n        self.homepage.click_first_add_to_cart_button()\n        self.homepage.click_second_add_to_cart_button()\n        self.header.wait_until_cart_item_count(2)\n    \n        self.cart.go_to_cart_page()\n>       self.cart.input_product_quantity(2)\n\nssqatest\\tests\\frontend\\cart\\test_quantity_of_product.py:148: \n_ _ _ _ _ _ _ _ _ _ _ _ _ _ _ _ _ _ _ _ _ _ _ _ _ _ _ _ _ _ _ _ _ _ _ _ _ _ _ _ _ _ _ _ _ _ _ _ _ _ _ _ _ _ _ _ _ _ _ _ _ _ _ _ _ _ _ _ _ _ _ _ _ _ _ _ _ _ _ _ _ _ _ _ _ _ _ _ _ _ _ _ _ _ _ _ _ _ _ _ _ _ _ _ _ _ _ _ _ _ _ _ _ _\nssqatest\\src\\pages\\CartPage.py:70: in input_product_quantity\n    qty_elements = self.sl.wait_and_get_elements(self.PRODUCT_QUANTITY)\n_ _ _ _ _ _ _ _ _ _ _ _ _ _ _ _ _ _ _ _ _ _ _ _ _ _ _ _ _ _ _ _ _ _ _ _ _ _ _ _ _ _ _ _ _ _ _ _ _ _ _ _ _ _ _ _ _ _ _ _ _ _ _ _ _ _ _ _ _ _ _ _ _ _ _ _ _ _ _ _ _ _ _ _ _ _ _ _ _ _ _ _ _ _ _ _ _ _ _ _ _ _ _ _ _ _ _ _ _ _ _ _ _ _\n\nself = <ssqatest.src.selenium_extended.SeleniumExtended.SeleniumExtended object at 0x00000225D4A26F30>, locator = ('css selector', 'td.product-quantity div.quantity input.input-text.qty.text'), timeout = 10\nerr = \"Unable to find elements located by '('css selector', 'td.product-quantity div.quantity input.input-text.qty.text')',after timeout of 10\"\n\n    def wait_and_get_elements(self, locator, timeout=None, err=None):\n        timeout = timeout if timeout else self.default_timeout\n        err = err if err else f\"Unable to find elements located by '{locator}',\" \\\n                              f\"after timeout of {timeout}\"\n        try:\n            elements = WebDriverWait(self.driver, timeout).until(\n                EC.visibility_of_all_elements_located(locator)\n            )\n        except TimeoutException:\n>           raise TimeoutException(err)\nE           selenium.common.exceptions.TimeoutException: Message: Unable to find elements located by '('css selector', 'td.product-quantity div.quantity input.input-text.qty.text')',after timeout of 10\n\nssqatest\\src\\selenium_extended\\SeleniumExtended.py:78: TimeoutException"}, "description": "\n        Test to verify changing the quantity of two products in the cart.\n\n        Args:\n            setup:  setup object.\n        ", "start": 1742569250701, "stop": 1742569267085, "uuid": "46ee2b2c-374a-46da-bea6-8ca7436e4dae", "historyId": "1bf31a9839e9a0b051519d92fc4784f5", "testCaseId": "36bdb9a4e7ad5301c553f066d1acf63b", "fullName": "ssqatest.tests.frontend.cart.test_quantity_of_product.TestCartQuantityFour#test_quantity_of_two_product", "labels": [{"name": "tag", "value": "ecomfe72"}, {"name": "tag", "value": "@pytest.mark.usefixtures('init_driver')"}, {"name": "parentSuite", "value": "ssqatest.tests.frontend.cart"}, {"name": "suite", "value": "test_quantity_of_product"}, {"name": "subSuite", "value": "TestCartQuantityFour"}, {"name": "host", "value": "latha"}, {"name": "thread", "value": "15964-MainThread"}, {"name": "framework", "value": "pytest"}, {"name": "language", "value": "cpython3"}, {"name": "package", "value": "ssqatest.tests.frontend.cart.test_quantity_of_product"}]}