{"name": "test_correct_subtotal_column_updates_with_quantity_change", "status": "broken", "statusDetails": {"message": "selenium.common.exceptions.TimeoutException: Message: Element with locator '('css selector', 'td.product-subtotal span.woocommerce-Price-amount')' not found after timeout of 10\nStacktrace:\n\tGetHandleVerifier [0x00007FF7848DFE65+26629]\n\t(No symbol) [0x00007FF784846030]\n\t(No symbol) [0x00007FF7846D931A]\n\t(No symbol) [0x00007FF78472F8E7]\n\t(No symbol) [0x00007FF78472FB1C]\n\t(No symbol) [0x00007FF7847834A7]\n\t(No symbol) [0x00007FF784757AEF]\n\t(No symbol) [0x00007FF784780169]\n\t(No symbol) [0x00007FF784757883]\n\t(No symbol) [0x00007FF784720550]\n\t(No symbol) [0x00007FF784721803]\n\tGetHandleVerifier [0x00007FF784C372DD+3529853]\n\tGetHandleVerifier [0x00007FF784C4DA42+3621858]\n\tGetHandleVerifier [0x00007FF784C424F3+3575443]\n\tGetHandleVerifier [0x00007FF7849AB79A+860474]\n\t(No symbol) [0x00007FF7848508AF]\n\t(No symbol) [0x00007FF78484CBE4]\n\t(No symbol) [0x00007FF78484CD86]\n\t(No symbol) [0x00007FF78483C2E9]\n\tBaseThreadInitThunk [0x00007FF8CECE7374+20]\n\tRtlUserThreadStart [0x00007FF8D021CC91+33]", "trace": "self = <ssqatest.tests.frontend.cart.test_quantity_of_product.TestCartQuantityThree object at 0x00000225D47C8DA0>, setup = None\n\n    @pytest.mark.ecomfe84\n    def test_correct_subtotal_column_updates_with_quantity_change(self, setup):\n        \"\"\"\n        Test to verify that the subtotal value updates as the quantity of a product changes.\n    \n        Args:\n            setup:  setup object.\n        \"\"\"\n        self.homepage.go_to_home_page()\n        self.homepage.click_first_add_to_cart_button()\n        self.header.wait_until_cart_item_count(1)\n    \n        self.cart.go_to_cart_page()\n>       subtotal__column_before = self.cart.get_column_subtotal()\n\nssqatest\\tests\\frontend\\cart\\test_quantity_of_product.py:112: \n_ _ _ _ _ _ _ _ _ _ _ _ _ _ _ _ _ _ _ _ _ _ _ _ _ _ _ _ _ _ _ _ _ _ _ _ _ _ _ _ _ _ _ _ _ _ _ _ _ _ _ _ _ _ _ _ _ _ _ _ _ _ _ _ _ _ _ _ _ _ _ _ _ _ _ _ _ _ _ _ _ _ _ _ _ _ _ _ _ _ _ _ _ _ _ _ _ _ _ _ _ _ _ _ _ _ _ _ _ _ _ _ _ _\nssqatest\\src\\pages\\CartPage.py:173: in get_column_subtotal\n    total_price = self.sl.wait_and_get_text(self.PRODUCT_SUBTOTAL_COLUMN)\nssqatest\\src\\selenium_extended\\SeleniumExtended.py:84: in wait_and_get_text\n    elm = WebDriverWait(self.driver, timeout).until(\n_ _ _ _ _ _ _ _ _ _ _ _ _ _ _ _ _ _ _ _ _ _ _ _ _ _ _ _ _ _ _ _ _ _ _ _ _ _ _ _ _ _ _ _ _ _ _ _ _ _ _ _ _ _ _ _ _ _ _ _ _ _ _ _ _ _ _ _ _ _ _ _ _ _ _ _ _ _ _ _ _ _ _ _ _ _ _ _ _ _ _ _ _ _ _ _ _ _ _ _ _ _ _ _ _ _ _ _ _ _ _ _ _ _\n\nself = <selenium.webdriver.support.wait.WebDriverWait (session=\"7070ec96bdf02803d69397e62ac92f19\")>, method = <function visibility_of_element_located.<locals>._predicate at 0x00000225D4D584A0>\nmessage = \"Element with locator '('css selector', 'td.product-subtotal span.woocommerce-Price-amount')' not found after timeout of 10\"\n\n    def until(self, method: Callable[[D], Union[Literal[False], T]], message: str = \"\") -> T:\n        \"\"\"Calls the method provided with the driver as an argument until the \\\n        return value does not evaluate to ``False``.\n    \n        :param method: callable(WebDriver)\n        :param message: optional message for :exc:`TimeoutException`\n        :returns: the result of the last call to `method`\n        :raises: :exc:`selenium.common.exceptions.TimeoutException` if timeout occurs\n        \"\"\"\n        screen = None\n        stacktrace = None\n    \n        end_time = time.monotonic() + self._timeout\n        while True:\n            try:\n                value = method(self._driver)\n                if value:\n                    return value\n            except self._ignored_exceptions as exc:\n                screen = getattr(exc, \"screen\", None)\n                stacktrace = getattr(exc, \"stacktrace\", None)\n            time.sleep(self._poll)\n            if time.monotonic() > end_time:\n                break\n>       raise TimeoutException(message, screen, stacktrace)\nE       selenium.common.exceptions.TimeoutException: Message: Element with locator '('css selector', 'td.product-subtotal span.woocommerce-Price-amount')' not found after timeout of 10\nE       Stacktrace:\nE       \tGetHandleVerifier [0x00007FF7848DFE65+26629]\nE       \t(No symbol) [0x00007FF784846030]\nE       \t(No symbol) [0x00007FF7846D931A]\nE       \t(No symbol) [0x00007FF78472F8E7]\nE       \t(No symbol) [0x00007FF78472FB1C]\nE       \t(No symbol) [0x00007FF7847834A7]\nE       \t(No symbol) [0x00007FF784757AEF]\nE       \t(No symbol) [0x00007FF784780169]\nE       \t(No symbol) [0x00007FF784757883]\nE       \t(No symbol) [0x00007FF784720550]\nE       \t(No symbol) [0x00007FF784721803]\nE       \tGetHandleVerifier [0x00007FF784C372DD+3529853]\nE       \tGetHandleVerifier [0x00007FF784C4DA42+3621858]\nE       \tGetHandleVerifier [0x00007FF784C424F3+3575443]\nE       \tGetHandleVerifier [0x00007FF7849AB79A+860474]\nE       \t(No symbol) [0x00007FF7848508AF]\nE       \t(No symbol) [0x00007FF78484CBE4]\nE       \t(No symbol) [0x00007FF78484CD86]\nE       \t(No symbol) [0x00007FF78483C2E9]\nE       \tBaseThreadInitThunk [0x00007FF8CECE7374+20]\nE       \tRtlUserThreadStart [0x00007FF8D021CC91+33]\n\nlhp321\\Lib\\site-packages\\selenium\\webdriver\\support\\wait.py:105: TimeoutException"}, "description": "\n        Test to verify that the subtotal value updates as the quantity of a product changes.\n\n        Args:\n            setup:  setup object.\n        ", "start": 1742569229510, "stop": 1742569245489, "uuid": "3442217e-6caf-48fa-9648-f04a4811d701", "historyId": "ed73ba861de65a4df99bafa57b19a8a8", "testCaseId": "32e79c80125eb7e533a95bd690ae2fd0", "fullName": "ssqatest.tests.frontend.cart.test_quantity_of_product.TestCartQuantityThree#test_correct_subtotal_column_updates_with_quantity_change", "labels": [{"name": "tag", "value": "ecomfe84"}, {"name": "tag", "value": "@pytest.mark.usefixtures('init_driver')"}, {"name": "parentSuite", "value": "ssqatest.tests.frontend.cart"}, {"name": "suite", "value": "test_quantity_of_product"}, {"name": "subSuite", "value": "TestCartQuantityThree"}, {"name": "host", "value": "latha"}, {"name": "thread", "value": "15964-MainThread"}, {"name": "framework", "value": "pytest"}, {"name": "language", "value": "cpython3"}, {"name": "package", "value": "ssqatest.tests.frontend.cart.test_quantity_of_product"}]}