{"name": "test_labels_cart_page", "status": "broken", "statusDetails": {"message": "selenium.common.exceptions.TimeoutException: Message: Unable to find elements located by '('css selector', 'table.shop_table thead tr th')',after timeout of 10", "trace": "self = <ssqatest.src.selenium_extended.SeleniumExtended.SeleniumExtended object at 0x00000225D4D83A40>, locator = ('css selector', 'table.shop_table thead tr th'), timeout = 10\nerr = \"Unable to find elements located by '('css selector', 'table.shop_table thead tr th')',after timeout of 10\"\n\n    def wait_and_get_elements(self, locator, timeout=None, err=None):\n        timeout = timeout if timeout else self.default_timeout\n        err = err if err else f\"Unable to find elements located by '{locator}',\" \\\n                              f\"after timeout of {timeout}\"\n        try:\n>           elements = WebDriverWait(self.driver, timeout).until(\n                EC.visibility_of_all_elements_located(locator)\n            )\n\nssqatest\\src\\selenium_extended\\SeleniumExtended.py:74: \n_ _ _ _ _ _ _ _ _ _ _ _ _ _ _ _ _ _ _ _ _ _ _ _ _ _ _ _ _ _ _ _ _ _ _ _ _ _ _ _ _ _ _ _ _ _ _ _ _ _ _ _ _ _ _ _ _ _ _ _ _ _ _ _ _ _ _ _ _ _ _ _ _ _ _ _ _ _ _ _ _ _ _ _ _ _ _ _ _ _ _ _ _ _ _ _ _ _ _ _ _ _ _ _ _ _ _ _ _ _ _ _ _ _\n\nself = <selenium.webdriver.support.wait.WebDriverWait (session=\"46c47e3e9cc1ce05598dfe67e901fb7e\")>, method = <function visibility_of_all_elements_located.<locals>._predicate at 0x00000225D4B59DA0>, message = ''\n\n    def until(self, method: Callable[[D], Union[Literal[False], T]], message: str = \"\") -> T:\n        \"\"\"Calls the method provided with the driver as an argument until the \\\n        return value does not evaluate to ``False``.\n    \n        :param method: callable(WebDriver)\n        :param message: optional message for :exc:`TimeoutException`\n        :returns: the result of the last call to `method`\n        :raises: :exc:`selenium.common.exceptions.TimeoutException` if timeout occurs\n        \"\"\"\n        screen = None\n        stacktrace = None\n    \n        end_time = time.monotonic() + self._timeout\n        while True:\n            try:\n                value = method(self._driver)\n                if value:\n                    return value\n            except self._ignored_exceptions as exc:\n                screen = getattr(exc, \"screen\", None)\n                stacktrace = getattr(exc, \"stacktrace\", None)\n            time.sleep(self._poll)\n            if time.monotonic() > end_time:\n                break\n>       raise TimeoutException(message, screen, stacktrace)\nE       selenium.common.exceptions.TimeoutException: Message:\n\nlhp321\\Lib\\site-packages\\selenium\\webdriver\\support\\wait.py:105: TimeoutException\n\nDuring handling of the above exception, another exception occurred:\n\nself = <ssqatest.tests.frontend.misc_frontend_tests.test_cart_page_header.TestCartHeader object at 0x00000225D48782F0>, setup = None\n\n    @pytest.mark.lp20\n    def test_labels_cart_page(self,setup):\n        \"\"\"\n        This is a test to ensure that\n        1. All the 6 labels are visible.\n        2. The correct labels/data is displayed in the Cart Page when an item is added.\n        Args:\n            setup:\n    \n        Returns:\n    \n        \"\"\"\n        self.home.go_to_home_page()\n        self.home.click_first_add_to_cart_button()\n        self.header.wait_until_cart_item_count(1)\n        self.cart.go_to_cart_page()\n    \n>       headers = self.cart.get_cart_column_header()\n\nssqatest\\tests\\frontend\\misc_frontend_tests\\test_cart_page_header.py:37: \n_ _ _ _ _ _ _ _ _ _ _ _ _ _ _ _ _ _ _ _ _ _ _ _ _ _ _ _ _ _ _ _ _ _ _ _ _ _ _ _ _ _ _ _ _ _ _ _ _ _ _ _ _ _ _ _ _ _ _ _ _ _ _ _ _ _ _ _ _ _ _ _ _ _ _ _ _ _ _ _ _ _ _ _ _ _ _ _ _ _ _ _ _ _ _ _ _ _ _ _ _ _ _ _ _ _ _ _ _ _ _ _ _ _\nssqatest\\src\\pages\\CartPage.py:154: in get_cart_column_header\n    return self.sl.wait_and_get_elements(self.CART_COLUMN_HEAD)\n_ _ _ _ _ _ _ _ _ _ _ _ _ _ _ _ _ _ _ _ _ _ _ _ _ _ _ _ _ _ _ _ _ _ _ _ _ _ _ _ _ _ _ _ _ _ _ _ _ _ _ _ _ _ _ _ _ _ _ _ _ _ _ _ _ _ _ _ _ _ _ _ _ _ _ _ _ _ _ _ _ _ _ _ _ _ _ _ _ _ _ _ _ _ _ _ _ _ _ _ _ _ _ _ _ _ _ _ _ _ _ _ _ _\n\nself = <ssqatest.src.selenium_extended.SeleniumExtended.SeleniumExtended object at 0x00000225D4D83A40>, locator = ('css selector', 'table.shop_table thead tr th'), timeout = 10\nerr = \"Unable to find elements located by '('css selector', 'table.shop_table thead tr th')',after timeout of 10\"\n\n    def wait_and_get_elements(self, locator, timeout=None, err=None):\n        timeout = timeout if timeout else self.default_timeout\n        err = err if err else f\"Unable to find elements located by '{locator}',\" \\\n                              f\"after timeout of {timeout}\"\n        try:\n            elements = WebDriverWait(self.driver, timeout).until(\n                EC.visibility_of_all_elements_located(locator)\n            )\n        except TimeoutException:\n>           raise TimeoutException(err)\nE           selenium.common.exceptions.TimeoutException: Message: Unable to find elements located by '('css selector', 'table.shop_table thead tr th')',after timeout of 10\n\nssqatest\\src\\selenium_extended\\SeleniumExtended.py:78: TimeoutException"}, "description": "\n        This is a test to ensure that\n        1. All the 6 labels are visible.\n        2. The correct labels/data is displayed in the Cart Page when an item is added.\n        Args:\n            setup:\n\n        Returns:\n\n        ", "start": 1742569696184, "stop": 1742569712211, "uuid": "a223cd25-20d1-44ad-adee-219060688083", "historyId": "8c5d8e27905a2898f74a9ef149091b99", "testCaseId": "045c0cd51206bf297ef4fcb4c81aa98a", "fullName": "ssqatest.tests.frontend.misc_frontend_tests.test_cart_page_header.TestCartHeader#test_labels_cart_page", "labels": [{"name": "tag", "value": "lp20"}, {"name": "tag", "value": "@pytest.mark.usefixtures('init_driver')"}, {"name": "parentSuite", "value": "ssqatest.tests.frontend.misc_frontend_tests"}, {"name": "suite", "value": "test_cart_page_header"}, {"name": "subSuite", "value": "TestCartHeader"}, {"name": "host", "value": "latha"}, {"name": "thread", "value": "15964-MainThread"}, {"name": "framework", "value": "pytest"}, {"name": "language", "value": "cpython3"}, {"name": "package", "value": "ssqatest.tests.frontend.misc_frontend_tests.test_cart_page_header"}]}