{"name": "test_product_image_displayed_1_item_in_cart", "status": "broken", "statusDetails": {"message": "selenium.common.exceptions.TimeoutException: Message: Unable to find elements located by '('css selector', 'img.attachment-woocommerce_thumbnail.size-woocommerce_thumbnail')',after timeout of 10", "trace": "self = <ssqatest.src.selenium_extended.SeleniumExtended.SeleniumExtended object at 0x00000225D4AD82C0>, locator = ('css selector', 'img.attachment-woocommerce_thumbnail.size-woocommerce_thumbnail'), timeout = 10\nerr = \"Unable to find elements located by '('css selector', 'img.attachment-woocommerce_thumbnail.size-woocommerce_thumbnail')',after timeout of 10\"\n\n    def wait_and_get_elements(self, locator, timeout=None, err=None):\n        timeout = timeout if timeout else self.default_timeout\n        err = err if err else f\"Unable to find elements located by '{locator}',\" \\\n                              f\"after timeout of {timeout}\"\n        try:\n>           elements = WebDriverWait(self.driver, timeout).until(\n                EC.visibility_of_all_elements_located(locator)\n            )\n\nssqatest\\src\\selenium_extended\\SeleniumExtended.py:74: \n_ _ _ _ _ _ _ _ _ _ _ _ _ _ _ _ _ _ _ _ _ _ _ _ _ _ _ _ _ _ _ _ _ _ _ _ _ _ _ _ _ _ _ _ _ _ _ _ _ _ _ _ _ _ _ _ _ _ _ _ _ _ _ _ _ _ _ _ _ _ _ _ _ _ _ _ _ _ _ _ _ _ _ _ _ _ _ _ _ _ _ _ _ _ _ _ _ _ _ _ _ _ _ _ _ _ _ _ _ _ _ _ _ _\n\nself = <selenium.webdriver.support.wait.WebDriverWait (session=\"52bafd9ccf7bfb2d4562cebe9bcf731e\")>, method = <function visibility_of_all_elements_located.<locals>._predicate at 0x00000225D4D596C0>, message = ''\n\n    def until(self, method: Callable[[D], Union[Literal[False], T]], message: str = \"\") -> T:\n        \"\"\"Calls the method provided with the driver as an argument until the \\\n        return value does not evaluate to ``False``.\n    \n        :param method: callable(WebDriver)\n        :param message: optional message for :exc:`TimeoutException`\n        :returns: the result of the last call to `method`\n        :raises: :exc:`selenium.common.exceptions.TimeoutException` if timeout occurs\n        \"\"\"\n        screen = None\n        stacktrace = None\n    \n        end_time = time.monotonic() + self._timeout\n        while True:\n            try:\n                value = method(self._driver)\n                if value:\n                    return value\n            except self._ignored_exceptions as exc:\n                screen = getattr(exc, \"screen\", None)\n                stacktrace = getattr(exc, \"stacktrace\", None)\n            time.sleep(self._poll)\n            if time.monotonic() > end_time:\n                break\n>       raise TimeoutException(message, screen, stacktrace)\nE       selenium.common.exceptions.TimeoutException: Message:\n\nlhp321\\Lib\\site-packages\\selenium\\webdriver\\support\\wait.py:105: TimeoutException\n\nDuring handling of the above exception, another exception occurred:\n\nself = <ssqatest.tests.frontend.cart.test_product_image_displayed.TestCartProductImage object at 0x00000225D47A20F0>, setup = None\n\n    @pytest.mark.tcid136\n    @pytest.mark.ecomfe66\n    def test_product_image_displayed_1_item_in_cart(self, setup):\n        \"\"\"\n        Test to verify that the product image is displayed for 1 item in the cart.\n    \n        Args:\n            setup:  setup object.\n        \"\"\"\n    \n        logger.info(f\"Running Test: test_product_image_displayed\")\n        self.homepage.go_to_home_page()\n        self.homepage.click_second_add_to_cart_button()\n        self.header.wait_until_cart_item_count(1)\n    \n        self.cart.go_to_cart_page()\n    \n>       product_image = self.cart.get_product_image()\n\nssqatest\\tests\\frontend\\cart\\test_product_image_displayed.py:39: \n_ _ _ _ _ _ _ _ _ _ _ _ _ _ _ _ _ _ _ _ _ _ _ _ _ _ _ _ _ _ _ _ _ _ _ _ _ _ _ _ _ _ _ _ _ _ _ _ _ _ _ _ _ _ _ _ _ _ _ _ _ _ _ _ _ _ _ _ _ _ _ _ _ _ _ _ _ _ _ _ _ _ _ _ _ _ _ _ _ _ _ _ _ _ _ _ _ _ _ _ _ _ _ _ _ _ _ _ _ _ _ _ _ _\nssqatest\\src\\pages\\CartPage.py:95: in get_product_image\n    return self.sl.wait_and_get_elements(self.IMAGE)\n_ _ _ _ _ _ _ _ _ _ _ _ _ _ _ _ _ _ _ _ _ _ _ _ _ _ _ _ _ _ _ _ _ _ _ _ _ _ _ _ _ _ _ _ _ _ _ _ _ _ _ _ _ _ _ _ _ _ _ _ _ _ _ _ _ _ _ _ _ _ _ _ _ _ _ _ _ _ _ _ _ _ _ _ _ _ _ _ _ _ _ _ _ _ _ _ _ _ _ _ _ _ _ _ _ _ _ _ _ _ _ _ _ _\n\nself = <ssqatest.src.selenium_extended.SeleniumExtended.SeleniumExtended object at 0x00000225D4AD82C0>, locator = ('css selector', 'img.attachment-woocommerce_thumbnail.size-woocommerce_thumbnail'), timeout = 10\nerr = \"Unable to find elements located by '('css selector', 'img.attachment-woocommerce_thumbnail.size-woocommerce_thumbnail')',after timeout of 10\"\n\n    def wait_and_get_elements(self, locator, timeout=None, err=None):\n        timeout = timeout if timeout else self.default_timeout\n        err = err if err else f\"Unable to find elements located by '{locator}',\" \\\n                              f\"after timeout of {timeout}\"\n        try:\n            elements = WebDriverWait(self.driver, timeout).until(\n                EC.visibility_of_all_elements_located(locator)\n            )\n        except TimeoutException:\n>           raise TimeoutException(err)\nE           selenium.common.exceptions.TimeoutException: Message: Unable to find elements located by '('css selector', 'img.attachment-woocommerce_thumbnail.size-woocommerce_thumbnail')',after timeout of 10\n\nssqatest\\src\\selenium_extended\\SeleniumExtended.py:78: TimeoutException"}, "description": "\n        Test to verify that the product image is displayed for 1 item in the cart.\n\n        Args:\n            setup:  setup object.\n        ", "start": 1742569150967, "stop": 1742569167222, "uuid": "3639b09b-837b-4af1-8521-c5a7b78659b3", "historyId": "d7af1ce8b0ff24dc1889edd7e7920bba", "testCaseId": "9b05ce5886be1fed873f850a9ef4430a", "fullName": "ssqatest.tests.frontend.cart.test_product_image_displayed.TestCartProductImage#test_product_image_displayed_1_item_in_cart", "labels": [{"name": "tag", "value": "ecomfe66"}, {"name": "tag", "value": "tcid136"}, {"name": "tag", "value": "@pytest.mark.usefixtures('init_driver')"}, {"name": "parentSuite", "value": "ssqatest.tests.frontend.cart"}, {"name": "suite", "value": "test_product_image_displayed"}, {"name": "subSuite", "value": "TestCartProductImage"}, {"name": "host", "value": "latha"}, {"name": "thread", "value": "15964-MainThread"}, {"name": "framework", "value": "pytest"}, {"name": "language", "value": "cpython3"}, {"name": "package", "value": "ssqatest.tests.frontend.cart.test_product_image_displayed"}]}